15:23:05 [INFO] __main__: === eMAG Account Generator ===
15:23:35 [INFO] __main__: === eMAG Account Generator ===
15:23:35 [INFO] __main__: Configuration loaded successfully
15:23:36 [INFO] httpx: HTTP Request: GET https://hero-sms.com/stubs/handler_api.php?api_key=A96d7A178AbA9bf7c34407c2e8071601&action=getBalance "HTTP/1.1 200 OK"
15:23:36 [INFO] sms_provider: HeroSMS balance: $4.16
15:23:36 [INFO] account_creator: HeroSMS balance: $4.16
15:23:36 [INFO] httpx: HTTP Request: POST https://quack.duckduckgo.com/api/email/addresses "HTTP/1.1 201 Created"
15:23:36 [INFO] email_generator: Generated email: thorn-ramrod-much@duck.com
15:23:36 [INFO] account_creator: Email: thorn-ramrod-much@duck.com
15:23:36 [INFO] account_creator: Password: thorn-ramrod-much@duck.coM1
15:23:36 [INFO] account_creator: Name: Florin Pavel
15:23:36 [INFO] browser_engine: Downloading NopeCHA firefox automation build...
15:23:37 [INFO] httpx: HTTP Request: GET https://github.com/NopeCHALLC/nopecha-extension/releases/latest/download/firefox_automation.zip "HTTP/1.1 302 Found"
15:23:37 [INFO] httpx: HTTP Request: GET https://github.com/NopeCHALLC/nopecha-extension/releases/download/0.5.5/firefox_automation.zip "HTTP/1.1 302 Found"
15:23:37 [INFO] httpx: HTTP Request: GET https://release-assets.githubusercontent.com/github-production-release-asset/618081183/633e29db-1584-4b7d-811a-5393be7bc510?sp=r&sv=2018-11-09&sr=b&spr=https&se=2026-04-07T13%3A10%3A03Z&rscd=attachment%3B+filename%3Dfirefox_automation.zip&rsct=application%2Foctet-stream&skoid=96c2d410-5711-43a1-aedd-ab1947aa7ab0&sktid=398a6654-997b-47e9-b12b-9515b896b4de&skt=2026-04-07T12%3A09%3A51Z&ske=2026-04-07T13%3A10%3A03Z&sks=b&skv=2018-11-09&sig=7B403ectFUbIIuT70Ra7JvcdTMAkSLi1PESyNPR7X0w%3D&jwt=eyJ0eXAiOiJKV1QiLCJhbGciOiJIUzI1NiJ9.eyJpc3MiOiJnaXRodWIuY29tIiwiYXVkIjoicmVsZWFzZS1hc3NldHMuZ2l0aHVidXNlcmNvbnRlbnQuY29tIiwia2V5Ijoia2V5MSIsImV4cCI6MTc3NTU2NDkxOCwibmJmIjoxNzc1NTY0NjE4LCJwYXRoIjoicmVsZWFzZWFzc2V0cHJvZHVjdGlvbi5ibG9iLmNvcmUud2luZG93cy5uZXQifQ.suE5qRxJgf59CEW8nPk9v76UtZXVPUz12bTL-7bJHW4&response-content-disposition=attachment%3B%20filename%3Dfirefox_automation.zip&response-content-type=application%2Foctet-stream "HTTP/1.1 200 OK"
15:23:37 [INFO] browser_engine: Extracting NopeCHA extension...
15:23:37 [INFO] browser_engine: NopeCHA extension ready at C:\Users\titam\Documents\emag_account_generator\extensions\nopecha
15:23:37 [INFO] browser_engine: Launching Camoufox browser...
15:24:01 [INFO] account_creator: Step 1: Entering email thorn-ramrod-much@duck.com
15:24:32 [ERROR] __main__: Account creation failed: Page.goto: Timeout 30000ms exceeded.
Call log:
  - navigating to "https://www.emag.ro/user/login", waiting until "networkidle"
Traceback (most recent call last):
  File "C:\Users\titam\Documents\emag_account_generator\main.py", line 30, in main
    account = create_account(config)
  File "C:\Users\titam\Documents\emag_account_generator\account_creator.py", line 221, in create_account
    _step_enter_email(page, config, email)
    ~~~~~~~~~~~~~~~~~^^^^^^^^^^^^^^^^^^^^^
  File "C:\Users\titam\Documents\emag_account_generator\account_creator.py", line 64, in _step_enter_email
    page.goto(config.emag_login_url, wait_until="networkidle")
    ~~~~~~~~~^^^^^^^^^^^^^^^^^^^^^^^^^^^^^^^^^^^^^^^^^^^^^^^^^
  File "C:\Users\titam\Documents\emag_account_generator\.venv\Lib\site-packages\playwright\sync_api\_generated.py", line 9054, in goto
    self._sync(
    ~~~~~~~~~~^
        self._impl_obj.goto(
        ^^^^^^^^^^^^^^^^^^^^
            url=url, timeout=timeout, waitUntil=wait_until, referer=referer
            ^^^^^^^^^^^^^^^^^^^^^^^^^^^^^^^^^^^^^^^^^^^^^^^^^^^^^^^^^^^^^^^
        )
        ^
    )
    ^
  File "C:\Users\titam\Documents\emag_account_generator\.venv\Lib\site-packages\playwright\_impl\_sync_base.py", line 115, in _sync
    return task.result()
           ~~~~~~~~~~~^^
  File "C:\Users\titam\Documents\emag_account_generator\.venv\Lib\site-packages\playwright\_impl\_page.py", line 552, in goto
    return await self._main_frame.goto(**locals_to_params(locals()))
           ^^^^^^^^^^^^^^^^^^^^^^^^^^^^^^^^^^^^^^^^^^^^^^^^^^^^^^^^^
  File "C:\Users\titam\Documents\emag_account_generator\.venv\Lib\site-packages\playwright\_impl\_frame.py", line 153, in goto
    await self._channel.send(
        "goto", self._navigation_timeout, locals_to_params(locals())
    )
  File "C:\Users\titam\Documents\emag_account_generator\.venv\Lib\site-packages\playwright\_impl\_connection.py", line 69, in send
    return await self._connection.wrap_api_call(
           ^^^^^^^^^^^^^^^^^^^^^^^^^^^^^^^^^^^^^
    ...<3 lines>...
    )
    ^
  File "C:\Users\titam\Documents\emag_account_generator\.venv\Lib\site-packages\playwright\_impl\_connection.py", line 559, in wrap_api_call
    raise rewrite_error(error, f"{parsed_st['apiName']}: {error}") from None
playwright._impl._errors.TimeoutError: Page.goto: Timeout 30000ms exceeded.
Call log:
  - navigating to "https://www.emag.ro/user/login", waiting until "networkidle"

15:25:44 [INFO] __main__: === eMAG Account Generator ===
15:25:44 [INFO] __main__: Configuration loaded successfully
15:25:44 [INFO] httpx: HTTP Request: GET https://hero-sms.com/stubs/handler_api.php?api_key=A96d7A178AbA9bf7c34407c2e8071601&action=getBalance "HTTP/1.1 200 OK"
15:25:44 [INFO] sms_provider: HeroSMS balance: $4.16
15:25:44 [INFO] account_creator: HeroSMS balance: $4.16
15:25:45 [INFO] httpx: HTTP Request: POST https://quack.duckduckgo.com/api/email/addresses "HTTP/1.1 201 Created"
15:25:45 [INFO] email_generator: Generated email: delay-swept-treble@duck.com
15:25:45 [INFO] account_creator: Email: delay-swept-treble@duck.com
15:25:45 [INFO] account_creator: Password: delay-swept-treble@duck.coM1
15:25:45 [INFO] account_creator: Name: Gabriela Dumitru
15:25:45 [INFO] browser_engine: NopeCHA extension already present
15:25:45 [INFO] browser_engine: Launching Camoufox browser...
15:25:51 [INFO] account_creator: Step 1: Entering email delay-swept-treble@duck.com
15:26:03 [INFO] account_creator: Email submitted, waiting for registration form
15:26:03 [INFO] account_creator: Step 2: Filling registration form for Gabriela Dumitru
15:26:20 [INFO] account_creator: Registration form submitted
15:26:20 [INFO] account_creator: Phone attempt 1/5
15:26:20 [INFO] httpx: HTTP Request: GET https://hero-sms.com/stubs/handler_api.php?api_key=A96d7A178AbA9bf7c34407c2e8071601&action=getNumber&service=ot&country=32 "HTTP/1.1 200 OK"
15:26:20 [INFO] sms_provider: Got phone number: 40767444579 (activation: 248854583)
15:26:20 [INFO] account_creator: Step 3: Entering phone number 0767444579
15:26:26 [ERROR] __main__: Account creation failed: Locator.click: Unexpected token "i" while parsing css selector "button:has-text('Trimite SMS'), button:has-text('trimite' i)". Did you mean to CSS.escape it?
Call log:
  - waiting for button:has-text('Trimite SMS'), button:has-text('trimite' i) >> nth=0
Traceback (most recent call last):
  File "C:\Users\titam\Documents\emag_account_generator\main.py", line 30, in main
    account = create_account(config)
  File "C:\Users\titam\Documents\emag_account_generator\account_creator.py", line 225, in create_account
    activation_id, raw_phone, formatted_phone = _acquire_phone_with_retry(config, page)
                                                ~~~~~~~~~~~~~~~~~~~~~~~~~^^^^^^^^^^^^^^
  File "C:\Users\titam\Documents\emag_account_generator\account_creator.py", line 191, in _acquire_phone_with_retry
    phone_accepted = _step_enter_phone(page, formatted_phone)
  File "C:\Users\titam\Documents\emag_account_generator\account_creator.py", line 140, in _step_enter_phone
    page.locator("button:has-text('Trimite SMS'), button:has-text('trimite' i)").first.click()
    ~~~~~~~~~~~~~~~~~~~~~~~~~~~~~~~~~~~~~~~~~~~~~~~~~~~~~~~~~~~~~~~~~~~~~~~~~~~~~~~~~~~~~~~~^^
  File "C:\Users\titam\Documents\emag_account_generator\.venv\Lib\site-packages\playwright\sync_api\_generated.py", line 15631, in click
    self._sync(
    ~~~~~~~~~~^
        self._impl_obj.click(
        ^^^^^^^^^^^^^^^^^^^^^
    ...<10 lines>...
        )
        ^
    )
    ^
  File "C:\Users\titam\Documents\emag_account_generator\.venv\Lib\site-packages\playwright\_impl\_sync_base.py", line 115, in _sync
    return task.result()
           ~~~~~~~~~~~^^
  File "C:\Users\titam\Documents\emag_account_generator\.venv\Lib\site-packages\playwright\_impl\_locator.py", line 162, in click
    return await self._frame._click(self._selector, strict=True, **params)
           ^^^^^^^^^^^^^^^^^^^^^^^^^^^^^^^^^^^^^^^^^^^^^^^^^^^^^^^^^^^^^^^
  File "C:\Users\titam\Documents\emag_account_generator\.venv\Lib\site-packages\playwright\_impl\_frame.py", line 566, in _click
    await self._channel.send("click", self._timeout, locals_to_params(locals()))
  File "C:\Users\titam\Documents\emag_account_generator\.venv\Lib\site-packages\playwright\_impl\_connection.py", line 69, in send
    return await self._connection.wrap_api_call(
           ^^^^^^^^^^^^^^^^^^^^^^^^^^^^^^^^^^^^^
    ...<3 lines>...
    )
    ^
  File "C:\Users\titam\Documents\emag_account_generator\.venv\Lib\site-packages\playwright\_impl\_connection.py", line 559, in wrap_api_call
    raise rewrite_error(error, f"{parsed_st['apiName']}: {error}") from None
playwright._impl._errors.Error: Locator.click: Unexpected token "i" while parsing css selector "button:has-text('Trimite SMS'), button:has-text('trimite' i)". Did you mean to CSS.escape it?
Call log:
  - waiting for button:has-text('Trimite SMS'), button:has-text('trimite' i) >> nth=0

15:27:22 [INFO] __main__: === eMAG Account Generator ===
15:27:22 [INFO] __main__: Configuration loaded successfully
15:27:22 [INFO] httpx: HTTP Request: GET https://hero-sms.com/stubs/handler_api.php?api_key=A96d7A178AbA9bf7c34407c2e8071601&action=getBalance "HTTP/1.1 200 OK"
15:27:22 [INFO] sms_provider: HeroSMS balance: $4.085
15:27:22 [INFO] account_creator: HeroSMS balance: $4.085
15:27:23 [INFO] httpx: HTTP Request: POST https://quack.duckduckgo.com/api/email/addresses "HTTP/1.1 201 Created"
15:27:23 [INFO] email_generator: Generated email: anemia-swell-film@duck.com
15:27:23 [INFO] account_creator: Email: anemia-swell-film@duck.com
15:27:23 [INFO] account_creator: Password: anemia-swell-film@duck.coM1
15:27:23 [INFO] account_creator: Name: Elena Gheorghe
15:27:23 [INFO] browser_engine: NopeCHA extension already present
15:27:23 [INFO] browser_engine: Launching Camoufox browser...
15:30:59 [INFO] __main__: === eMAG Account Generator ===
15:30:59 [INFO] __main__: Configuration loaded successfully
15:31:00 [INFO] httpx: HTTP Request: GET https://hero-sms.com/stubs/handler_api.php?api_key=A96d7A178AbA9bf7c34407c2e8071601&action=getBalance "HTTP/1.1 200 OK"
15:31:00 [INFO] sms_provider: HeroSMS balance: $4.085
15:31:00 [INFO] account_creator: HeroSMS balance: $4.085
15:31:01 [INFO] httpx: HTTP Request: POST https://quack.duckduckgo.com/api/email/addresses "HTTP/1.1 201 Created"
15:31:01 [INFO] email_generator: Generated email: corny-chuck-rename@duck.com
15:31:01 [INFO] account_creator: Email: corny-chuck-rename@duck.com
15:31:01 [INFO] account_creator: Password: corny-chuck-rename@duck.coM1
15:31:01 [INFO] account_creator: Name: Gabriela Stoica
15:31:01 [INFO] browser_engine: NopeCHA extension already present
15:31:01 [INFO] browser_engine: Launching Camoufox browser...
15:31:06 [INFO] account_creator: Step 1: Entering email corny-chuck-rename@duck.com
15:31:18 [INFO] account_creator: Email submitted, waiting for registration form
15:31:18 [INFO] account_creator: Step 2: Filling registration form for Gabriela Stoica
15:31:34 [INFO] account_creator: Registration form submitted
15:31:34 [INFO] account_creator: Phone attempt 1/5
15:31:35 [INFO] httpx: HTTP Request: GET https://hero-sms.com/stubs/handler_api.php?api_key=A96d7A178AbA9bf7c34407c2e8071601&action=getNumber&service=ot&country=32 "HTTP/1.1 200 OK"
15:31:35 [INFO] sms_provider: Got phone number: 40763279017 (activation: 248867055)
15:31:35 [INFO] account_creator: Step 3: Entering phone number 0763279017
15:31:43 [INFO] account_creator: Phone number submitted, waiting for SMS
15:31:44 [INFO] httpx: HTTP Request: GET https://hero-sms.com/stubs/handler_api.php?api_key=A96d7A178AbA9bf7c34407c2e8071601&action=getStatus&id=248867055 "HTTP/1.1 200 OK"
15:31:49 [INFO] httpx: HTTP Request: GET https://hero-sms.com/stubs/handler_api.php?api_key=A96d7A178AbA9bf7c34407c2e8071601&action=getStatus&id=248867055 "HTTP/1.1 200 OK"
15:31:55 [INFO] httpx: HTTP Request: GET https://hero-sms.com/stubs/handler_api.php?api_key=A96d7A178AbA9bf7c34407c2e8071601&action=getStatus&id=248867055 "HTTP/1.1 200 OK"
15:32:00 [INFO] httpx: HTTP Request: GET https://hero-sms.com/stubs/handler_api.php?api_key=A96d7A178AbA9bf7c34407c2e8071601&action=getStatus&id=248867055 "HTTP/1.1 200 OK"
15:32:06 [INFO] httpx: HTTP Request: GET https://hero-sms.com/stubs/handler_api.php?api_key=A96d7A178AbA9bf7c34407c2e8071601&action=getStatus&id=248867055 "HTTP/1.1 200 OK"
15:32:11 [INFO] httpx: HTTP Request: GET https://hero-sms.com/stubs/handler_api.php?api_key=A96d7A178AbA9bf7c34407c2e8071601&action=getStatus&id=248867055 "HTTP/1.1 200 OK"
15:32:16 [INFO] httpx: HTTP Request: GET https://hero-sms.com/stubs/handler_api.php?api_key=A96d7A178AbA9bf7c34407c2e8071601&action=getStatus&id=248867055 "HTTP/1.1 200 OK"
15:32:22 [INFO] httpx: HTTP Request: GET https://hero-sms.com/stubs/handler_api.php?api_key=A96d7A178AbA9bf7c34407c2e8071601&action=getStatus&id=248867055 "HTTP/1.1 200 OK"
15:32:27 [INFO] httpx: HTTP Request: GET https://hero-sms.com/stubs/handler_api.php?api_key=A96d7A178AbA9bf7c34407c2e8071601&action=getStatus&id=248867055 "HTTP/1.1 200 OK"
15:32:33 [INFO] httpx: HTTP Request: GET https://hero-sms.com/stubs/handler_api.php?api_key=A96d7A178AbA9bf7c34407c2e8071601&action=getStatus&id=248867055 "HTTP/1.1 200 OK"
15:32:38 [INFO] httpx: HTTP Request: GET https://hero-sms.com/stubs/handler_api.php?api_key=A96d7A178AbA9bf7c34407c2e8071601&action=getStatus&id=248867055 "HTTP/1.1 200 OK"
15:32:44 [INFO] httpx: HTTP Request: GET https://hero-sms.com/stubs/handler_api.php?api_key=A96d7A178AbA9bf7c34407c2e8071601&action=getStatus&id=248867055 "HTTP/1.1 200 OK"
15:32:49 [INFO] httpx: HTTP Request: GET https://hero-sms.com/stubs/handler_api.php?api_key=A96d7A178AbA9bf7c34407c2e8071601&action=getStatus&id=248867055 "HTTP/1.1 200 OK"
15:32:54 [INFO] httpx: HTTP Request: GET https://hero-sms.com/stubs/handler_api.php?api_key=A96d7A178AbA9bf7c34407c2e8071601&action=getStatus&id=248867055 "HTTP/1.1 200 OK"
15:33:00 [INFO] httpx: HTTP Request: GET https://hero-sms.com/stubs/handler_api.php?api_key=A96d7A178AbA9bf7c34407c2e8071601&action=getStatus&id=248867055 "HTTP/1.1 200 OK"
15:33:05 [INFO] httpx: HTTP Request: GET https://hero-sms.com/stubs/handler_api.php?api_key=A96d7A178AbA9bf7c34407c2e8071601&action=getStatus&id=248867055 "HTTP/1.1 200 OK"
15:33:11 [INFO] httpx: HTTP Request: GET https://hero-sms.com/stubs/handler_api.php?api_key=A96d7A178AbA9bf7c34407c2e8071601&action=getStatus&id=248867055 "HTTP/1.1 200 OK"
15:33:16 [INFO] httpx: HTTP Request: GET https://hero-sms.com/stubs/handler_api.php?api_key=A96d7A178AbA9bf7c34407c2e8071601&action=getStatus&id=248867055 "HTTP/1.1 200 OK"
15:33:22 [INFO] httpx: HTTP Request: GET https://hero-sms.com/stubs/handler_api.php?api_key=A96d7A178AbA9bf7c34407c2e8071601&action=getStatus&id=248867055 "HTTP/1.1 200 OK"
15:33:27 [INFO] httpx: HTTP Request: GET https://hero-sms.com/stubs/handler_api.php?api_key=A96d7A178AbA9bf7c34407c2e8071601&action=getStatus&id=248867055 "HTTP/1.1 200 OK"
15:33:32 [INFO] httpx: HTTP Request: GET https://hero-sms.com/stubs/handler_api.php?api_key=A96d7A178AbA9bf7c34407c2e8071601&action=getStatus&id=248867055 "HTTP/1.1 200 OK"
15:33:38 [INFO] httpx: HTTP Request: GET https://hero-sms.com/stubs/handler_api.php?api_key=A96d7A178AbA9bf7c34407c2e8071601&action=getStatus&id=248867055 "HTTP/1.1 200 OK"
15:33:43 [INFO] httpx: HTTP Request: GET https://hero-sms.com/stubs/handler_api.php?api_key=A96d7A178AbA9bf7c34407c2e8071601&action=getStatus&id=248867055 "HTTP/1.1 200 OK"
15:33:49 [INFO] httpx: HTTP Request: GET https://hero-sms.com/stubs/handler_api.php?api_key=A96d7A178AbA9bf7c34407c2e8071601&action=getStatus&id=248867055 "HTTP/1.1 200 OK"
15:33:54 [ERROR] account_creator: SMS polling failed: SMS code not received within 120s
15:33:54 [INFO] httpx: HTTP Request: GET https://hero-sms.com/stubs/handler_api.php?api_key=A96d7A178AbA9bf7c34407c2e8071601&action=setStatus&id=248867055&status=8 "HTTP/1.1 200 OK"
15:33:54 [INFO] sms_provider: Activation 248867055 cancelled: ACCESS_CANCEL
15:33:54 [ERROR] __main__: Account creation failed: SMS code not received within 120s
Traceback (most recent call last):
  File "C:\Users\titam\Documents\emag_account_generator\main.py", line 30, in main
    account = create_account(config)
  File "C:\Users\titam\Documents\emag_account_generator\account_creator.py", line 228, in create_account
    sms_code = poll_sms_code(config, activation_id)
  File "C:\Users\titam\Documents\emag_account_generator\sms_provider.py", line 85, in poll_sms_code
    raise SMSTimeout(f"SMS code not received within {config.sms_poll_timeout}s")
sms_provider.SMSTimeout: SMS code not received within 120s
16:10:27 [INFO] __main__: === eMAG Account Generator ===
16:10:27 [INFO] __main__: Configuration loaded successfully
16:10:28 [INFO] httpx: HTTP Request: GET https://hero-sms.com/stubs/handler_api.php?api_key=A96d7A178AbA9bf7c34407c2e8071601&action=getBalance "HTTP/1.1 200 OK"
16:10:28 [INFO] sms_provider: HeroSMS balance: $4.16
16:10:28 [INFO] account_creator: HeroSMS balance: $4.16
16:10:28 [INFO] httpx: HTTP Request: POST https://quack.duckduckgo.com/api/email/addresses "HTTP/1.1 201 Created"
16:10:28 [INFO] email_generator: Generated email: moaner-grazing-eel@duck.com
16:10:28 [INFO] account_creator: Email: moaner-grazing-eel@duck.com
16:10:28 [INFO] account_creator: Password: moaner-grazing-eel@duck.coM1
16:10:28 [INFO] account_creator: Name: Raluca Popescu
16:10:28 [INFO] browser_engine: NopeCHA extension already present
16:10:28 [INFO] browser_engine: Launching Camoufox browser...
16:10:43 [INFO] account_creator: Step 1: Entering email moaner-grazing-eel@duck.com
16:10:54 [INFO] account_creator: Email submitted, waiting for registration form
16:10:54 [INFO] account_creator: Step 2: Filling registration form for Raluca Popescu
16:11:12 [INFO] account_creator: Registration form submitted
16:11:12 [INFO] account_creator: Phone attempt 1/5
16:11:13 [INFO] httpx: HTTP Request: GET https://hero-sms.com/stubs/handler_api.php?api_key=A96d7A178AbA9bf7c34407c2e8071601&action=getNumber&service=bfg&country=32 "HTTP/1.1 200 OK"
16:11:13 [INFO] sms_provider: Got phone number: 40763328263 (activation: 248972875)
16:11:13 [INFO] account_creator: Step 3: Entering phone number 0763328263
16:11:20 [INFO] account_creator: Phone number submitted, waiting for SMS
16:11:21 [INFO] httpx: HTTP Request: GET https://hero-sms.com/stubs/handler_api.php?api_key=A96d7A178AbA9bf7c34407c2e8071601&action=getStatus&id=248972875 "HTTP/1.1 200 OK"
16:11:26 [INFO] httpx: HTTP Request: GET https://hero-sms.com/stubs/handler_api.php?api_key=A96d7A178AbA9bf7c34407c2e8071601&action=getStatus&id=248972875 "HTTP/1.1 200 OK"
16:11:32 [INFO] httpx: HTTP Request: GET https://hero-sms.com/stubs/handler_api.php?api_key=A96d7A178AbA9bf7c34407c2e8071601&action=getStatus&id=248972875 "HTTP/1.1 200 OK"
16:11:37 [INFO] httpx: HTTP Request: GET https://hero-sms.com/stubs/handler_api.php?api_key=A96d7A178AbA9bf7c34407c2e8071601&action=getStatus&id=248972875 "HTTP/1.1 200 OK"
16:11:42 [INFO] httpx: HTTP Request: GET https://hero-sms.com/stubs/handler_api.php?api_key=A96d7A178AbA9bf7c34407c2e8071601&action=getStatus&id=248972875 "HTTP/1.1 200 OK"
16:11:48 [INFO] httpx: HTTP Request: GET https://hero-sms.com/stubs/handler_api.php?api_key=A96d7A178AbA9bf7c34407c2e8071601&action=getStatus&id=248972875 "HTTP/1.1 200 OK"
16:11:53 [INFO] httpx: HTTP Request: GET https://hero-sms.com/stubs/handler_api.php?api_key=A96d7A178AbA9bf7c34407c2e8071601&action=getStatus&id=248972875 "HTTP/1.1 200 OK"
16:11:58 [INFO] httpx: HTTP Request: GET https://hero-sms.com/stubs/handler_api.php?api_key=A96d7A178AbA9bf7c34407c2e8071601&action=getStatus&id=248972875 "HTTP/1.1 200 OK"
16:12:04 [INFO] httpx: HTTP Request: GET https://hero-sms.com/stubs/handler_api.php?api_key=A96d7A178AbA9bf7c34407c2e8071601&action=getStatus&id=248972875 "HTTP/1.1 200 OK"
16:12:09 [INFO] httpx: HTTP Request: GET https://hero-sms.com/stubs/handler_api.php?api_key=A96d7A178AbA9bf7c34407c2e8071601&action=getStatus&id=248972875 "HTTP/1.1 200 OK"
16:12:14 [INFO] httpx: HTTP Request: GET https://hero-sms.com/stubs/handler_api.php?api_key=A96d7A178AbA9bf7c34407c2e8071601&action=getStatus&id=248972875 "HTTP/1.1 200 OK"
16:12:19 [INFO] httpx: HTTP Request: GET https://hero-sms.com/stubs/handler_api.php?api_key=A96d7A178AbA9bf7c34407c2e8071601&action=getStatus&id=248972875 "HTTP/1.1 200 OK"
16:12:25 [INFO] httpx: HTTP Request: GET https://hero-sms.com/stubs/handler_api.php?api_key=A96d7A178AbA9bf7c34407c2e8071601&action=getStatus&id=248972875 "HTTP/1.1 200 OK"
16:12:30 [INFO] httpx: HTTP Request: GET https://hero-sms.com/stubs/handler_api.php?api_key=A96d7A178AbA9bf7c34407c2e8071601&action=getStatus&id=248972875 "HTTP/1.1 200 OK"
16:12:35 [INFO] httpx: HTTP Request: GET https://hero-sms.com/stubs/handler_api.php?api_key=A96d7A178AbA9bf7c34407c2e8071601&action=getStatus&id=248972875 "HTTP/1.1 200 OK"
16:12:41 [INFO] httpx: HTTP Request: GET https://hero-sms.com/stubs/handler_api.php?api_key=A96d7A178AbA9bf7c34407c2e8071601&action=getStatus&id=248972875 "HTTP/1.1 200 OK"
16:12:46 [INFO] httpx: HTTP Request: GET https://hero-sms.com/stubs/handler_api.php?api_key=A96d7A178AbA9bf7c34407c2e8071601&action=getStatus&id=248972875 "HTTP/1.1 200 OK"
16:12:51 [INFO] httpx: HTTP Request: GET https://hero-sms.com/stubs/handler_api.php?api_key=A96d7A178AbA9bf7c34407c2e8071601&action=getStatus&id=248972875 "HTTP/1.1 200 OK"
16:12:57 [INFO] httpx: HTTP Request: GET https://hero-sms.com/stubs/handler_api.php?api_key=A96d7A178AbA9bf7c34407c2e8071601&action=getStatus&id=248972875 "HTTP/1.1 200 OK"
16:13:02 [INFO] httpx: HTTP Request: GET https://hero-sms.com/stubs/handler_api.php?api_key=A96d7A178AbA9bf7c34407c2e8071601&action=getStatus&id=248972875 "HTTP/1.1 200 OK"
16:13:07 [INFO] httpx: HTTP Request: GET https://hero-sms.com/stubs/handler_api.php?api_key=A96d7A178AbA9bf7c34407c2e8071601&action=getStatus&id=248972875 "HTTP/1.1 200 OK"
16:13:13 [INFO] httpx: HTTP Request: GET https://hero-sms.com/stubs/handler_api.php?api_key=A96d7A178AbA9bf7c34407c2e8071601&action=getStatus&id=248972875 "HTTP/1.1 200 OK"
16:13:18 [INFO] httpx: HTTP Request: GET https://hero-sms.com/stubs/handler_api.php?api_key=A96d7A178AbA9bf7c34407c2e8071601&action=getStatus&id=248972875 "HTTP/1.1 200 OK"
16:13:23 [INFO] httpx: HTTP Request: GET https://hero-sms.com/stubs/handler_api.php?api_key=A96d7A178AbA9bf7c34407c2e8071601&action=getStatus&id=248972875 "HTTP/1.1 200 OK"
16:13:28 [ERROR] account_creator: SMS polling failed: SMS code not received within 120s
16:13:28 [INFO] httpx: HTTP Request: GET https://hero-sms.com/stubs/handler_api.php?api_key=A96d7A178AbA9bf7c34407c2e8071601&action=setStatus&id=248972875&status=8 "HTTP/1.1 200 OK"
16:13:28 [INFO] sms_provider: Activation 248972875 cancelled: ACCESS_CANCEL
16:13:29 [ERROR] __main__: Account creation failed: SMS code not received within 120s
Traceback (most recent call last):
  File "C:\Users\titam\Documents\emag_account_generator\main.py", line 30, in main
    account = create_account(config)
  File "C:\Users\titam\Documents\emag_account_generator\account_creator.py", line 228, in create_account
    sms_code = poll_sms_code(config, activation_id)
  File "C:\Users\titam\Documents\emag_account_generator\sms_provider.py", line 85, in poll_sms_code
    raise SMSTimeout(f"SMS code not received within {config.sms_poll_timeout}s")
sms_provider.SMSTimeout: SMS code not received within 120s
16:14:49 [INFO] __main__: === eMAG Account Generator ===
16:14:49 [INFO] __main__: Configuration loaded successfully
16:14:49 [INFO] httpx: HTTP Request: GET https://hero-sms.com/stubs/handler_api.php?api_key=A96d7A178AbA9bf7c34407c2e8071601&action=getBalance "HTTP/1.1 200 OK"
16:14:49 [INFO] sms_provider: HeroSMS balance: $4.16
16:14:49 [INFO] account_creator: HeroSMS balance: $4.16
16:14:50 [INFO] httpx: HTTP Request: POST https://quack.duckduckgo.com/api/email/addresses "HTTP/1.1 201 Created"
16:14:50 [INFO] email_generator: Generated email: gas-deed-helpless@duck.com
16:14:50 [INFO] account_creator: Email: gas-deed-helpless@duck.com
16:14:50 [INFO] account_creator: Password: gas-deed-helpless@duck.coM1
16:14:50 [INFO] account_creator: Name: Raluca Vlad
16:14:50 [INFO] browser_engine: NopeCHA extension already present
16:14:50 [INFO] browser_engine: Launching Camoufox browser...
16:25:51 [INFO] __main__: === eMAG Account Generator ===
16:25:51 [INFO] __main__: Configuration loaded successfully
16:25:51 [INFO] httpx: HTTP Request: GET https://hero-sms.com/stubs/handler_api.php?api_key=A96d7A178AbA9bf7c34407c2e8071601&action=getBalance "HTTP/1.1 200 OK"
16:25:51 [INFO] sms_provider: HeroSMS balance: $4.16
16:25:51 [INFO] account_creator: HeroSMS balance: $4.16
16:25:52 [INFO] httpx: HTTP Request: POST https://quack.duckduckgo.com/api/email/addresses "HTTP/1.1 201 Created"
16:25:52 [INFO] email_generator: Generated email: lazy-hash-tint@duck.com
16:25:52 [INFO] account_creator: Email: lazy-hash-tint@duck.com
16:25:52 [INFO] account_creator: Password: lazy-hash-tint@duck.coM1
16:25:52 [INFO] account_creator: Name: Ana Moldovan
16:25:52 [INFO] browser_engine: NopeCHA extension already present
16:25:52 [INFO] browser_engine: Launching Camoufox browser...
16:25:57 [INFO] account_creator: Step 1: Entering email lazy-hash-tint@duck.com
16:26:09 [INFO] account_creator: Email submitted, waiting for registration form
16:26:09 [INFO] account_creator: Step 2: Filling registration form for Ana Moldovan
16:26:26 [INFO] account_creator: Registration form submitted
16:26:26 [INFO] account_creator: Phone attempt 1/5
16:26:26 [INFO] httpx: HTTP Request: GET https://hero-sms.com/stubs/handler_api.php?api_key=A96d7A178AbA9bf7c34407c2e8071601&action=getNumber&service=bfg&country=32 "HTTP/1.1 200 OK"
16:26:26 [INFO] sms_provider: Got phone number: 40762396934 (activation: 249015175)
16:26:26 [INFO] account_creator: Step 3: Entering phone number 0762396934
16:26:34 [INFO] account_creator: Phone number submitted, waiting for SMS
16:26:34 [INFO] account_creator: Phone 0762396934 accepted. Waiting for SMS...
16:26:34 [INFO] httpx: HTTP Request: GET https://hero-sms.com/stubs/handler_api.php?api_key=A96d7A178AbA9bf7c34407c2e8071601&action=getStatus&id=249015175 "HTTP/1.1 200 OK"
16:26:40 [INFO] httpx: HTTP Request: GET https://hero-sms.com/stubs/handler_api.php?api_key=A96d7A178AbA9bf7c34407c2e8071601&action=getStatus&id=249015175 "HTTP/1.1 200 OK"
16:26:45 [INFO] httpx: HTTP Request: GET https://hero-sms.com/stubs/handler_api.php?api_key=A96d7A178AbA9bf7c34407c2e8071601&action=getStatus&id=249015175 "HTTP/1.1 200 OK"
16:26:50 [INFO] httpx: HTTP Request: GET https://hero-sms.com/stubs/handler_api.php?api_key=A96d7A178AbA9bf7c34407c2e8071601&action=getStatus&id=249015175 "HTTP/1.1 200 OK"
16:26:56 [INFO] httpx: HTTP Request: GET https://hero-sms.com/stubs/handler_api.php?api_key=A96d7A178AbA9bf7c34407c2e8071601&action=getStatus&id=249015175 "HTTP/1.1 200 OK"
16:27:01 [INFO] httpx: HTTP Request: GET https://hero-sms.com/stubs/handler_api.php?api_key=A96d7A178AbA9bf7c34407c2e8071601&action=getStatus&id=249015175 "HTTP/1.1 200 OK"
16:27:06 [INFO] httpx: HTTP Request: GET https://hero-sms.com/stubs/handler_api.php?api_key=A96d7A178AbA9bf7c34407c2e8071601&action=getStatus&id=249015175 "HTTP/1.1 200 OK"
16:27:12 [INFO] httpx: HTTP Request: GET https://hero-sms.com/stubs/handler_api.php?api_key=A96d7A178AbA9bf7c34407c2e8071601&action=getStatus&id=249015175 "HTTP/1.1 200 OK"
16:27:17 [INFO] httpx: HTTP Request: GET https://hero-sms.com/stubs/handler_api.php?api_key=A96d7A178AbA9bf7c34407c2e8071601&action=getStatus&id=249015175 "HTTP/1.1 200 OK"
16:27:22 [INFO] httpx: HTTP Request: GET https://hero-sms.com/stubs/handler_api.php?api_key=A96d7A178AbA9bf7c34407c2e8071601&action=getStatus&id=249015175 "HTTP/1.1 200 OK"
16:27:28 [INFO] httpx: HTTP Request: GET https://hero-sms.com/stubs/handler_api.php?api_key=A96d7A178AbA9bf7c34407c2e8071601&action=getStatus&id=249015175 "HTTP/1.1 200 OK"
16:27:33 [INFO] httpx: HTTP Request: GET https://hero-sms.com/stubs/handler_api.php?api_key=A96d7A178AbA9bf7c34407c2e8071601&action=getStatus&id=249015175 "HTTP/1.1 200 OK"
16:27:38 [INFO] httpx: HTTP Request: GET https://hero-sms.com/stubs/handler_api.php?api_key=A96d7A178AbA9bf7c34407c2e8071601&action=getStatus&id=249015175 "HTTP/1.1 200 OK"
16:27:44 [INFO] httpx: HTTP Request: GET https://hero-sms.com/stubs/handler_api.php?api_key=A96d7A178AbA9bf7c34407c2e8071601&action=getStatus&id=249015175 "HTTP/1.1 200 OK"
16:27:49 [INFO] httpx: HTTP Request: GET https://hero-sms.com/stubs/handler_api.php?api_key=A96d7A178AbA9bf7c34407c2e8071601&action=getStatus&id=249015175 "HTTP/1.1 200 OK"
16:27:54 [INFO] httpx: HTTP Request: GET https://hero-sms.com/stubs/handler_api.php?api_key=A96d7A178AbA9bf7c34407c2e8071601&action=getStatus&id=249015175 "HTTP/1.1 200 OK"
16:28:00 [INFO] httpx: HTTP Request: GET https://hero-sms.com/stubs/handler_api.php?api_key=A96d7A178AbA9bf7c34407c2e8071601&action=getStatus&id=249015175 "HTTP/1.1 200 OK"
16:28:02 [ERROR] __main__: Account creation failed: Browser.close: Connection closed while reading from the driver
Traceback (most recent call last):
  File "C:\Users\titam\Documents\emag_account_generator\main.py", line 30, in main
    account = create_account(config)
  File "C:\Users\titam\Documents\emag_account_generator\account_creator.py", line 237, in create_account
    with create_browser(config) as page:
         ~~~~~~~~~~~~~~^^^^^^^^
  File "C:\Users\titam\AppData\Local\Python\pythoncore-3.14-64\Lib\contextlib.py", line 162, in __exit__
    self.gen.throw(value)
    ~~~~~~~~~~~~~~^^^^^^^
  File "C:\Users\titam\Documents\emag_account_generator\browser_engine.py", line 48, in create_browser
    with Camoufox(
         ~~~~~~~~^
        headless=False,
        ^^^^^^^^^^^^^^^
        humanize=True,
        ^^^^^^^^^^^^^^
        addons=[str(nopecha_path)],
        ^^^^^^^^^^^^^^^^^^^^^^^^^^^
    ) as browser:
    ^
  File "C:\Users\titam\Documents\emag_account_generator\.venv\Lib\site-packages\camoufox\sync_api.py", line 34, in __exit__
    self.browser.close()
    ~~~~~~~~~~~~~~~~~~^^
  File "C:\Users\titam\Documents\emag_account_generator\.venv\Lib\site-packages\playwright\sync_api\_generated.py", line 14339, in close
    return mapping.from_maybe_impl(self._sync(self._impl_obj.close(reason=reason)))
                                   ~~~~~~~~~~^^^^^^^^^^^^^^^^^^^^^^^^^^^^^^^^^^^^^
  File "C:\Users\titam\Documents\emag_account_generator\.venv\Lib\site-packages\playwright\_impl\_sync_base.py", line 115, in _sync
    return task.result()
           ~~~~~~~~~~~^^
  File "C:\Users\titam\Documents\emag_account_generator\.venv\Lib\site-packages\playwright\_impl\_browser.py", line 241, in close
    raise e
  File "C:\Users\titam\Documents\emag_account_generator\.venv\Lib\site-packages\playwright\_impl\_browser.py", line 238, in close
    await self._channel.send("close", None, {"reason": reason})
  File "C:\Users\titam\Documents\emag_account_generator\.venv\Lib\site-packages\playwright\_impl\_connection.py", line 69, in send
    return await self._connection.wrap_api_call(
           ^^^^^^^^^^^^^^^^^^^^^^^^^^^^^^^^^^^^^
    ...<3 lines>...
    )
    ^
  File "C:\Users\titam\Documents\emag_account_generator\.venv\Lib\site-packages\playwright\_impl\_connection.py", line 559, in wrap_api_call
    raise rewrite_error(error, f"{parsed_st['apiName']}: {error}") from None
Exception: Browser.close: Connection closed while reading from the driver
16:28:43 [INFO] __main__: === eMAG Account Generator ===
16:28:43 [INFO] __main__: Configuration loaded successfully
16:28:43 [INFO] httpx: HTTP Request: GET https://hero-sms.com/stubs/handler_api.php?api_key=A96d7A178AbA9bf7c34407c2e8071601&action=getBalance "HTTP/1.1 200 OK"
16:28:43 [INFO] sms_provider: HeroSMS balance: $4.12
16:28:43 [INFO] account_creator: HeroSMS balance: $4.12
16:28:44 [INFO] httpx: HTTP Request: POST https://quack.duckduckgo.com/api/email/addresses "HTTP/1.1 201 Created"
16:28:44 [INFO] email_generator: Generated email: numbly-purge-henna@duck.com
16:28:44 [INFO] account_creator: Email: numbly-purge-henna@duck.com
16:28:44 [INFO] account_creator: Password: numbly-purge-henna@duck.coM1
16:28:44 [INFO] account_creator: Name: Alexandru Neagu
16:28:44 [INFO] browser_engine: NopeCHA extension already present
16:28:44 [INFO] browser_engine: Launching Camoufox browser...
16:28:50 [INFO] account_creator: Step 1: Entering email numbly-purge-henna@duck.com
16:29:03 [INFO] account_creator: Email submitted, waiting for registration form
16:29:03 [INFO] account_creator: Step 2: Filling registration form for Alexandru Neagu
16:29:20 [INFO] account_creator: Registration form submitted
16:29:20 [INFO] account_creator: Phone attempt 1/5
16:29:21 [INFO] httpx: HTTP Request: GET https://hero-sms.com/stubs/handler_api.php?api_key=A96d7A178AbA9bf7c34407c2e8071601&action=getNumber&service=bfg&country=32 "HTTP/1.1 200 OK"
16:29:21 [INFO] sms_provider: Got phone number: 40763844865 (activation: 249024011)
16:29:21 [INFO] account_creator: Step 3: Entering phone number 0763844865
16:29:29 [ERROR] __main__: Account creation failed: Locator.count: Unexpected token "=" while parsing css selector ".gui-field-error, .error-message, text=/acest număr|already|deja|deja asociat|invalid/i". Did you mean to CSS.escape it?
Traceback (most recent call last):
  File "C:\Users\titam\Documents\emag_account_generator\main.py", line 30, in main
    account = create_account(config)
  File "C:\Users\titam\Documents\emag_account_generator\account_creator.py", line 242, in create_account
    formatted_phone, sms_code = _acquire_phone_and_verify(config, page)
                                ~~~~~~~~~~~~~~~~~~~~~~~~~^^^^^^^^^^^^^^
  File "C:\Users\titam\Documents\emag_account_generator\account_creator.py", line 191, in _acquire_phone_and_verify
    phone_accepted = _step_enter_phone(page, formatted_phone)
  File "C:\Users\titam\Documents\emag_account_generator\account_creator.py", line 147, in _step_enter_phone
    if error_visible.count() > 0:
       ~~~~~~~~~~~~~~~~~~~^^
  File "C:\Users\titam\Documents\emag_account_generator\.venv\Lib\site-packages\playwright\sync_api\_generated.py", line 16870, in count
    return mapping.from_maybe_impl(self._sync(self._impl_obj.count()))
                                   ~~~~~~~~~~^^^^^^^^^^^^^^^^^^^^^^^^
  File "C:\Users\titam\Documents\emag_account_generator\.venv\Lib\site-packages\playwright\_impl\_sync_base.py", line 115, in _sync
    return task.result()
           ~~~~~~~~~~~^^
  File "C:\Users\titam\Documents\emag_account_generator\.venv\Lib\site-packages\playwright\_impl\_locator.py", line 423, in count
    return await self._frame._query_count(self._selector)
           ^^^^^^^^^^^^^^^^^^^^^^^^^^^^^^^^^^^^^^^^^^^^^^
  File "C:\Users\titam\Documents\emag_account_generator\.venv\Lib\site-packages\playwright\_impl\_frame.py", line 136, in _query_count
    return await self._channel.send("queryCount", None, {"selector": selector})
           ^^^^^^^^^^^^^^^^^^^^^^^^^^^^^^^^^^^^^^^^^^^^^^^^^^^^^^^^^^^^^^^^^^^^
  File "C:\Users\titam\Documents\emag_account_generator\.venv\Lib\site-packages\playwright\_impl\_connection.py", line 69, in send
    return await self._connection.wrap_api_call(
           ^^^^^^^^^^^^^^^^^^^^^^^^^^^^^^^^^^^^^
    ...<3 lines>...
    )
    ^
  File "C:\Users\titam\Documents\emag_account_generator\.venv\Lib\site-packages\playwright\_impl\_connection.py", line 559, in wrap_api_call
    raise rewrite_error(error, f"{parsed_st['apiName']}: {error}") from None
playwright._impl._errors.Error: Locator.count: Unexpected token "=" while parsing css selector ".gui-field-error, .error-message, text=/acest număr|already|deja|deja asociat|invalid/i". Did you mean to CSS.escape it?
16:31:55 [INFO] __main__: === eMAG Account Generator ===
16:31:55 [INFO] __main__: Configuration loaded successfully
16:31:56 [INFO] httpx: HTTP Request: GET https://hero-sms.com/stubs/handler_api.php?api_key=A96d7A178AbA9bf7c34407c2e8071601&action=getBalance "HTTP/1.1 200 OK"
16:31:56 [INFO] sms_provider: HeroSMS balance: $4.08
16:31:56 [INFO] account_creator: HeroSMS balance: $4.08
16:31:56 [INFO] httpx: HTTP Request: POST https://quack.duckduckgo.com/api/email/addresses "HTTP/1.1 201 Created"
16:31:56 [INFO] email_generator: Generated email: pod-roman-pouch@duck.com
16:31:56 [INFO] account_creator: Email: pod-roman-pouch@duck.com
16:31:56 [INFO] account_creator: Password: pod-roman-pouch@duck.coM1
16:31:56 [INFO] account_creator: Name: Ion Dumitru
16:31:56 [INFO] browser_engine: NopeCHA extension already present
16:31:56 [INFO] browser_engine: Launching Camoufox browser...
16:32:02 [INFO] account_creator: Step 1: Entering email pod-roman-pouch@duck.com
16:32:14 [INFO] account_creator: Email submitted, waiting for registration form
16:32:14 [INFO] account_creator: Step 2: Filling registration form for Ion Dumitru
16:32:30 [INFO] account_creator: Registration form submitted
16:32:30 [INFO] account_creator: Phone attempt 1/5
16:32:31 [INFO] httpx: HTTP Request: GET https://hero-sms.com/stubs/handler_api.php?api_key=A96d7A178AbA9bf7c34407c2e8071601&action=getNumber&service=bfg&country=32 "HTTP/1.1 200 OK"
16:32:31 [INFO] sms_provider: Got phone number: 40762545927 (activation: 249032298)
16:32:31 [INFO] account_creator: Step 3: Entering phone number 0762545927
16:32:40 [INFO] account_creator: Phone number submitted, waiting for SMS
16:32:40 [INFO] account_creator: Phone 0762545927 accepted. Waiting for SMS...
16:32:40 [INFO] httpx: HTTP Request: GET https://hero-sms.com/stubs/handler_api.php?api_key=A96d7A178AbA9bf7c34407c2e8071601&action=getStatus&id=249032298 "HTTP/1.1 200 OK"
16:32:45 [INFO] httpx: HTTP Request: GET https://hero-sms.com/stubs/handler_api.php?api_key=A96d7A178AbA9bf7c34407c2e8071601&action=getStatus&id=249032298 "HTTP/1.1 200 OK"
16:32:51 [INFO] httpx: HTTP Request: GET https://hero-sms.com/stubs/handler_api.php?api_key=A96d7A178AbA9bf7c34407c2e8071601&action=getStatus&id=249032298 "HTTP/1.1 200 OK"
16:32:56 [INFO] httpx: HTTP Request: GET https://hero-sms.com/stubs/handler_api.php?api_key=A96d7A178AbA9bf7c34407c2e8071601&action=getStatus&id=249032298 "HTTP/1.1 200 OK"
16:32:56 [INFO] sms_provider: SMS code received: 896113
16:32:57 [INFO] httpx: HTTP Request: GET https://hero-sms.com/stubs/handler_api.php?api_key=A96d7A178AbA9bf7c34407c2e8071601&action=setStatus&id=249032298&status=6 "HTTP/1.1 200 OK"
16:32:57 [INFO] sms_provider: Activation 249032298 completed: ACCESS_ACTIVATION
16:32:57 [INFO] account_creator: Step 4: Entering SMS code 896113
16:33:22 [INFO] account_creator: SMS code submitted
16:33:22 [INFO] storage: Account saved: pod-roman-pouch@duck.com
16:33:22 [INFO] account_creator: ============================================================
16:33:22 [INFO] account_creator: CONT CREAT CU SUCCES!
16:33:22 [INFO] account_creator:   Email:    pod-roman-pouch@duck.com
16:33:22 [INFO] account_creator:   Parola:   pod-roman-pouch@duck.coM1
16:33:22 [INFO] account_creator:   Telefon:  0762545927
16:33:22 [INFO] account_creator:   Nume:     Ion Dumitru
16:33:22 [INFO] account_creator: ============================================================
16:33:22 [INFO] account_creator: Browserul rămâne deschis. Contul este logat.
16:55:05 [INFO] __main__: === eMAG Account Generator ===
16:55:05 [INFO] __main__: Configuration loaded successfully
16:55:05 [INFO] httpx: HTTP Request: GET https://hero-sms.com/stubs/handler_api.php?api_key=A96d7A178AbA9bf7c34407c2e8071601&action=getBalance "HTTP/1.1 200 OK"
16:55:05 [INFO] sms_provider: HeroSMS balance: $4.08
16:55:05 [INFO] account_creator: HeroSMS balance: $4.08
16:55:06 [INFO] httpx: HTTP Request: POST https://quack.duckduckgo.com/api/email/addresses "HTTP/1.1 201 Created"
16:55:06 [INFO] email_generator: Generated email: plant-coronary-oaf@duck.com
16:55:06 [INFO] account_creator: Email: plant-coronary-oaf@duck.com
16:55:06 [INFO] account_creator: Password: plant-coronary-oaf@duck.coM1
16:55:06 [INFO] account_creator: Name: Andreea Barbu
16:55:06 [INFO] browser_engine: NopeCHA extension already present
16:55:06 [INFO] browser_engine: Launching Camoufox browser...
16:55:22 [INFO] account_creator: Step 1: Entering email plant-coronary-oaf@duck.com
16:55:38 [INFO] account_creator: Email submitted, waiting for registration form
16:55:38 [INFO] account_creator: Step 2: Filling registration form for Andreea Barbu
16:55:55 [INFO] account_creator: Registration form submitted
16:55:55 [INFO] account_creator: Phone attempt 1/5
16:55:55 [INFO] httpx: HTTP Request: GET https://hero-sms.com/stubs/handler_api.php?api_key=A96d7A178AbA9bf7c34407c2e8071601&action=getNumber&service=bfg&country=32 "HTTP/1.1 200 OK"
16:55:55 [INFO] sms_provider: Got phone number: 40768394768 (activation: 249092817)
16:55:55 [INFO] account_creator: Step 3: Entering phone number 0768394768
16:56:03 [WARNING] account_creator: Phone 0768394768 rejected by eMAG: number already used or invalid
16:56:03 [WARNING] account_creator: Phone 0768394768 rejected, cancelling activation 249092817
16:56:04 [INFO] httpx: HTTP Request: GET https://hero-sms.com/stubs/handler_api.php?api_key=A96d7A178AbA9bf7c34407c2e8071601&action=setStatus&id=249092817&status=8 "HTTP/1.1 409 Conflict"
16:56:05 [ERROR] __main__: Account creation failed: Client error '409 Conflict' for url 'https://hero-sms.com/stubs/handler_api.php?api_key=A96d7A178AbA9bf7c34407c2e8071601&action=setStatus&id=249092817&status=8'
For more information check: https://developer.mozilla.org/en-US/docs/Web/HTTP/Status/409
Traceback (most recent call last):
  File "C:\Users\titam\Documents\emag_account_generator\main.py", line 30, in main
    account = create_account(config)
  File "C:\Users\titam\Documents\emag_account_generator\account_creator.py", line 261, in create_account
    formatted_phone, sms_code = _acquire_phone_and_verify(config, page)
                                ~~~~~~~~~~~~~~~~~~~~~~~~~^^^^^^^^^^^^^^
  File "C:\Users\titam\Documents\emag_account_generator\account_creator.py", line 215, in _acquire_phone_and_verify
    cancel_activation(config, activation_id)
    ~~~~~~~~~~~~~~~~~^^^^^^^^^^^^^^^^^^^^^^^
  File "C:\Users\titam\Documents\emag_account_generator\sms_provider.py", line 98, in cancel_activation
    result = _herosms_request(config, {
        "action": "setStatus",
        "id": activation_id,
        "status": 8,
    })
  File "C:\Users\titam\Documents\emag_account_generator\sms_provider.py", line 28, in _herosms_request
    response.raise_for_status()
    ~~~~~~~~~~~~~~~~~~~~~~~~~^^
  File "C:\Users\titam\Documents\emag_account_generator\.venv\Lib\site-packages\httpx\_models.py", line 829, in raise_for_status
    raise HTTPStatusError(message, request=request, response=self)
httpx.HTTPStatusError: Client error '409 Conflict' for url 'https://hero-sms.com/stubs/handler_api.php?api_key=A96d7A178AbA9bf7c34407c2e8071601&action=setStatus&id=249092817&status=8'
For more information check: https://developer.mozilla.org/en-US/docs/Web/HTTP/Status/409
17:12:19 [INFO] __main__: === eMAG Account Generator ===
17:12:19 [INFO] __main__: Configuration loaded successfully
17:12:19 [INFO] httpx: HTTP Request: GET https://hero-sms.com/stubs/handler_api.php?api_key=A96d7A178AbA9bf7c34407c2e8071601&action=getBalance "HTTP/1.1 200 OK"
17:12:19 [INFO] sms_provider: HeroSMS balance: $4.04
17:12:19 [INFO] account_creator: HeroSMS balance: $4.04
17:12:20 [INFO] httpx: HTTP Request: POST https://quack.duckduckgo.com/api/email/addresses "HTTP/1.1 201 Created"
17:12:20 [INFO] email_generator: Generated email: sank-cheer-tree@duck.com
17:12:20 [INFO] account_creator: Email: sank-cheer-tree@duck.com
17:12:20 [INFO] account_creator: Password: sank-cheer-tree@duck.coM1
17:12:20 [INFO] account_creator: Name: Andrei Gheorghe
17:12:20 [INFO] browser_engine: NopeCHA extension already present
17:12:20 [INFO] browser_engine: Launching Camoufox browser...
17:12:47 [INFO] account_creator: Step 1: Entering email sank-cheer-tree@duck.com
17:13:03 [INFO] account_creator: Email submitted, waiting for registration form
17:13:03 [INFO] account_creator: Step 2: Filling registration form for Andrei Gheorghe
17:13:19 [INFO] account_creator: Registration form submitted
17:13:19 [INFO] account_creator: Phone attempt 1/5
17:13:20 [INFO] httpx: HTTP Request: GET https://hero-sms.com/stubs/handler_api.php?api_key=A96d7A178AbA9bf7c34407c2e8071601&action=getNumber&service=bfg&country=32 "HTTP/1.1 200 OK"
17:13:20 [INFO] sms_provider: Got phone number: 40761771782 (activation: 249137694)
17:13:20 [INFO] account_creator: Step 3: Entering phone number 0761771782
17:13:28 [INFO] account_creator: Phone number submitted, waiting for SMS
17:13:28 [INFO] account_creator: Phone 0761771782 accepted. Waiting for SMS...
17:13:29 [INFO] httpx: HTTP Request: GET https://hero-sms.com/stubs/handler_api.php?api_key=A96d7A178AbA9bf7c34407c2e8071601&action=getStatus&id=249137694 "HTTP/1.1 200 OK"
17:13:35 [INFO] httpx: HTTP Request: GET https://hero-sms.com/stubs/handler_api.php?api_key=A96d7A178AbA9bf7c34407c2e8071601&action=getStatus&id=249137694 "HTTP/1.1 200 OK"
17:13:40 [INFO] httpx: HTTP Request: GET https://hero-sms.com/stubs/handler_api.php?api_key=A96d7A178AbA9bf7c34407c2e8071601&action=getStatus&id=249137694 "HTTP/1.1 200 OK"
17:13:46 [INFO] httpx: HTTP Request: GET https://hero-sms.com/stubs/handler_api.php?api_key=A96d7A178AbA9bf7c34407c2e8071601&action=getStatus&id=249137694 "HTTP/1.1 200 OK"
17:13:46 [INFO] sms_provider: SMS code received: 546551
17:13:47 [INFO] httpx: HTTP Request: GET https://hero-sms.com/stubs/handler_api.php?api_key=A96d7A178AbA9bf7c34407c2e8071601&action=setStatus&id=249137694&status=6 "HTTP/1.1 200 OK"
17:13:47 [INFO] sms_provider: Activation 249137694 completed: ACCESS_ACTIVATION
17:13:47 [INFO] account_creator: Step 4: Entering SMS code 546551
17:14:15 [INFO] account_creator: SMS code submitted
17:14:15 [INFO] account_creator: Step 5: Accepting Genius and finishing up
17:14:22 [ERROR] __main__: Account creation failed: Locator.count: Error while parsing selector `button[name=/(?i)(vreau|încearcă|incearca|activează|activeaza|continuă|continua)/i]`: invalid regexp group
InvalidSelectorError@debugger eval code:1402:28
readRegularExpression@debugger eval code:1805:13
readAttribute@debugger eval code:1851:15
parseAttributeSelector@debugger eval code:1893:28
queryAll@debugger eval code:4998:44
_queryEngineAll@debugger eval code:6847:49
querySelectorAll@debugger eval code:6834:30
@debugger eval code line 290 > eval:2:33
evaluate@debugger eval code:292:16
@debugger eval code:1:44
Traceback (most recent call last):
  File "C:\Users\titam\Documents\emag_account_generator\main.py", line 30, in main
    account = create_account(config)
  File "C:\Users\titam\Documents\emag_account_generator\account_creator.py", line 265, in create_account
    _step_accept_genius(page)
    ~~~~~~~~~~~~~~~~~~~^^^^^^
  File "C:\Users\titam\Documents\emag_account_generator\account_creator.py", line 193, in _step_accept_genius
    if genius_btn.count() > 0:
       ~~~~~~~~~~~~~~~~^^
  File "C:\Users\titam\Documents\emag_account_generator\.venv\Lib\site-packages\playwright\sync_api\_generated.py", line 16870, in count
    return mapping.from_maybe_impl(self._sync(self._impl_obj.count()))
                                   ~~~~~~~~~~^^^^^^^^^^^^^^^^^^^^^^^^
  File "C:\Users\titam\Documents\emag_account_generator\.venv\Lib\site-packages\playwright\_impl\_sync_base.py", line 115, in _sync
    return task.result()
           ~~~~~~~~~~~^^
  File "C:\Users\titam\Documents\emag_account_generator\.venv\Lib\site-packages\playwright\_impl\_locator.py", line 423, in count
    return await self._frame._query_count(self._selector)
           ^^^^^^^^^^^^^^^^^^^^^^^^^^^^^^^^^^^^^^^^^^^^^^
  File "C:\Users\titam\Documents\emag_account_generator\.venv\Lib\site-packages\playwright\_impl\_frame.py", line 136, in _query_count
    return await self._channel.send("queryCount", None, {"selector": selector})
           ^^^^^^^^^^^^^^^^^^^^^^^^^^^^^^^^^^^^^^^^^^^^^^^^^^^^^^^^^^^^^^^^^^^^
  File "C:\Users\titam\Documents\emag_account_generator\.venv\Lib\site-packages\playwright\_impl\_connection.py", line 69, in send
    return await self._connection.wrap_api_call(
           ^^^^^^^^^^^^^^^^^^^^^^^^^^^^^^^^^^^^^
    ...<3 lines>...
    )
    ^
  File "C:\Users\titam\Documents\emag_account_generator\.venv\Lib\site-packages\playwright\_impl\_connection.py", line 559, in wrap_api_call
    raise rewrite_error(error, f"{parsed_st['apiName']}: {error}") from None
playwright._impl._errors.Error: Locator.count: Error while parsing selector `button[name=/(?i)(vreau|încearcă|incearca|activează|activeaza|continuă|continua)/i]`: invalid regexp group
InvalidSelectorError@debugger eval code:1402:28
readRegularExpression@debugger eval code:1805:13
readAttribute@debugger eval code:1851:15
parseAttributeSelector@debugger eval code:1893:28
queryAll@debugger eval code:4998:44
_queryEngineAll@debugger eval code:6847:49
querySelectorAll@debugger eval code:6834:30
@debugger eval code line 290 > eval:2:33
evaluate@debugger eval code:292:16
@debugger eval code:1:44

17:21:14 [INFO] __main__: === eMAG Account Generator ===
17:21:14 [INFO] __main__: Configuration loaded successfully
17:21:14 [INFO] httpx: HTTP Request: GET https://hero-sms.com/stubs/handler_api.php?api_key=A96d7A178AbA9bf7c34407c2e8071601&action=getBalance "HTTP/1.1 200 OK"
17:21:14 [INFO] sms_provider: HeroSMS balance: $4.0
17:21:14 [INFO] account_creator: HeroSMS balance: $4.0
17:21:15 [INFO] httpx: HTTP Request: POST https://quack.duckduckgo.com/api/email/addresses "HTTP/1.1 201 Created"
17:21:15 [INFO] email_generator: Generated email: flap-posh-radiator@duck.com
17:21:15 [INFO] account_creator: Email: flap-posh-radiator@duck.com
17:21:15 [INFO] account_creator: Password: flap-posh-radiator@duck.coM1
17:21:15 [INFO] account_creator: Name: Ioana Barbu
17:21:15 [INFO] browser_engine: NopeCHA extension already present
17:21:15 [INFO] browser_engine: Launching Camoufox browser...
17:21:15 [ERROR] __main__: Account creation failed: 'Camoufox' object has no attribute 'new_page'
Traceback (most recent call last):
  File "C:\Users\titam\Documents\emag_account_generator\main.py", line 30, in main
    account = create_account(config)
  File "C:\Users\titam\Documents\emag_account_generator\account_creator.py", line 243, in create_account
    page = create_browser(config)
  File "C:\Users\titam\Documents\emag_account_generator\browser_engine.py", line 55, in create_browser
    page = browser_instance.new_page()
           ^^^^^^^^^^^^^^^^^^^^^^^^^
AttributeError: 'Camoufox' object has no attribute 'new_page'
17:21:55 [INFO] __main__: === eMAG Account Generator ===
17:21:55 [INFO] __main__: Configuration loaded successfully
17:21:55 [INFO] httpx: HTTP Request: GET https://hero-sms.com/stubs/handler_api.php?api_key=A96d7A178AbA9bf7c34407c2e8071601&action=getBalance "HTTP/1.1 200 OK"
17:21:55 [INFO] sms_provider: HeroSMS balance: $4.0
17:21:55 [INFO] account_creator: HeroSMS balance: $4.0
17:21:56 [INFO] httpx: HTTP Request: POST https://quack.duckduckgo.com/api/email/addresses "HTTP/1.1 201 Created"
17:21:56 [INFO] email_generator: Generated email: stamp-blush-spinal@duck.com
17:21:56 [INFO] account_creator: Email: stamp-blush-spinal@duck.com
17:21:56 [INFO] account_creator: Password: stamp-blush-spinal@duck.coM1
17:21:56 [INFO] account_creator: Name: Diana Popa
17:21:56 [INFO] browser_engine: NopeCHA extension already present
17:21:56 [INFO] browser_engine: Launching Camoufox browser...
17:22:02 [INFO] account_creator: Step 1: Entering email stamp-blush-spinal@duck.com
17:22:15 [INFO] account_creator: Email submitted, waiting for registration form
17:22:15 [INFO] account_creator: Step 2: Filling registration form for Diana Popa
17:22:30 [INFO] account_creator: Registration form submitted
17:22:30 [INFO] account_creator: Phone attempt 1/5 (Manual Test for 0730401886)
17:22:30 [INFO] account_creator: Step 3: Entering phone number 0730401886
17:22:39 [INFO] account_creator: Phone number submitted, waiting for SMS
17:22:39 [INFO] account_creator: Phone 0730401886 accepted. Waiting for manual SMS input...
17:33:55 [INFO] __main__: === eMAG Account Generator ===
17:33:55 [INFO] __main__: Configuration loaded successfully
17:33:56 [INFO] httpx: HTTP Request: GET https://hero-sms.com/stubs/handler_api.php?api_key=A96d7A178AbA9bf7c34407c2e8071601&action=getBalance "HTTP/1.1 200 OK"
17:33:56 [INFO] sms_provider: HeroSMS balance: $4.0
17:33:56 [INFO] account_creator: HeroSMS balance: $4.0
17:33:56 [INFO] httpx: HTTP Request: POST https://quack.duckduckgo.com/api/email/addresses "HTTP/1.1 201 Created"
17:33:56 [INFO] email_generator: Generated email: cross-hacking-able@duck.com
17:33:56 [INFO] account_creator: Email: cross-hacking-able@duck.com
17:33:56 [INFO] account_creator: Password: cross-hacking-able@duck.coM1
17:33:56 [INFO] account_creator: Name: Daniel Stoica
17:33:56 [INFO] browser_engine: NopeCHA extension already present
17:33:56 [INFO] browser_engine: Launching Camoufox browser...
17:46:04 [INFO] account_creator: Step 1: Entering email cross-hacking-able@duck.com
17:46:36 [INFO] account_creator: Email submitted, waiting for registration form
17:46:36 [INFO] account_creator: Step 2: Filling registration form for Daniel Stoica
17:46:53 [INFO] account_creator: Registration form submitted
17:46:53 [INFO] account_creator: Phone attempt 1/5
17:46:53 [INFO] httpx: HTTP Request: GET https://hero-sms.com/stubs/handler_api.php?api_key=A96d7A178AbA9bf7c34407c2e8071601&action=getNumber&service=bfg&country=32 "HTTP/1.1 200 OK"
17:46:53 [INFO] sms_provider: Got phone number: 40784133638 (activation: 249231773)
17:46:53 [INFO] account_creator: Step 3: Entering phone number 0784133638
17:47:01 [INFO] account_creator: Phone number submitted, waiting for SMS
17:47:01 [INFO] account_creator: Phone 0784133638 accepted. Waiting for SMS...
17:47:01 [INFO] httpx: HTTP Request: GET https://hero-sms.com/stubs/handler_api.php?api_key=A96d7A178AbA9bf7c34407c2e8071601&action=getStatus&id=249231773 "HTTP/1.1 200 OK"
17:47:07 [INFO] httpx: HTTP Request: GET https://hero-sms.com/stubs/handler_api.php?api_key=A96d7A178AbA9bf7c34407c2e8071601&action=getStatus&id=249231773 "HTTP/1.1 200 OK"
17:47:12 [INFO] httpx: HTTP Request: GET https://hero-sms.com/stubs/handler_api.php?api_key=A96d7A178AbA9bf7c34407c2e8071601&action=getStatus&id=249231773 "HTTP/1.1 200 OK"
17:47:12 [INFO] sms_provider: SMS code received: 258145
17:47:13 [INFO] httpx: HTTP Request: GET https://hero-sms.com/stubs/handler_api.php?api_key=A96d7A178AbA9bf7c34407c2e8071601&action=setStatus&id=249231773&status=6 "HTTP/1.1 200 OK"
17:47:13 [INFO] sms_provider: Activation 249231773 completed: ACCESS_ACTIVATION
17:47:13 [INFO] account_creator: Step 4: Entering SMS code 258145
17:47:37 [INFO] account_creator: SMS code submitted
17:47:37 [INFO] account_creator: Step 5: Accepting Genius and finishing up
17:47:42 [INFO] account_creator: Genius prompt found, checking the box
17:47:46 [INFO] account_creator: Clicking continue with Genius
17:47:53 [INFO] storage: Account saved: cross-hacking-able@duck.com
17:47:53 [INFO] account_creator: ============================================================
17:47:53 [INFO] account_creator: CONT CREAT CU SUCCES!
17:47:53 [INFO] account_creator:   Email:    cross-hacking-able@duck.com
17:47:53 [INFO] account_creator:   Parola:   cross-hacking-able@duck.coM1
17:47:53 [INFO] account_creator:   Telefon:  0784133638
17:47:53 [INFO] account_creator:   Nume:     Daniel Stoica
17:47:53 [INFO] account_creator: ============================================================
17:47:53 [INFO] account_creator: Browserul rămâne deschis. Meniul terminalului este blocat intenționat pentru a nu închide fereastra.
18:01:23 [WARNING] __main__: Interrupted by user
